#
# There is insufficient memory for the Java Runtime Environment to continue.
# Native memory allocation (malloc) failed to allocate 1406064 bytes for Chunk::new
# Possible reasons:
#   The system is out of physical RAM or swap space
#   The process is running with CompressedOops enabled, and the Java Heap may be blocking the growth of the native heap
# Possible solutions:
#   Reduce memory load on the system
#   Increase physical memory or swap space
#   Check if swap backing store is full
#   Decrease Java heap size (-Xmx/-Xms)
#   Decrease number of Java threads
#   Decrease Java thread stack sizes (-Xss)
#   Set larger code cache with -XX:ReservedCodeCacheSize=
#   JVM is running with Unscaled Compressed Oops mode in which the Java heap is
#     placed in the first 4GB address space. The Java Heap base address is the
#     maximum limit for the native heap growth. Please use -XX:HeapBaseMinAddress
#     to set the Java Heap base and to place the Java Heap above 4GB virtual address.
# This output file may be truncated or incomplete.
#
#  Out of Memory Error (allocation.cpp:389), pid=19772, tid=0x0000000000002f94
#
# JRE version: OpenJDK Runtime Environment (8.0_212-b04) (build 1.8.0_212-release-1586-b04)
# Java VM: OpenJDK 64-Bit Server VM (25.212-b04 mixed mode windows-amd64 compressed oops)
# Failed to write core dump. Minidumps are not enabled by default on client versions of Windows
#

---------------  T H R E A D  ---------------

Current thread (0x0000000018a60000):  JavaThread "C2 CompilerThread1" daemon [_thread_in_native, id=12180, stack(0x0000000019430000,0x0000000019530000)]

Stack: [0x0000000019430000,0x0000000019530000]
[error occurred during error reporting (printing stack bounds), id 0xc0000005]

Native frames: (J=compiled Java code, j=interpreted, Vv=VM code, C=native code)


Current CompileTask:
C2: 161455 22881       4       org.gradle.execution.plan.DefaultExecutionPlan::selectNext (222 bytes)


---------------  P R O C E S S  ---------------

Java Threads: ( => current thread )
  0x000000001d33a800 JavaThread "WorkerExecutor Queue Thread 3" [_thread_blocked, id=3824, stack(0x0000000028740000,0x0000000028840000)]
  0x000000001d339000 JavaThread "WorkerExecutor Queue Thread 2" [_thread_blocked, id=13992, stack(0x0000000028640000,0x0000000028740000)]
  0x0000000022a9e000 JavaThread "WorkerExecutor Queue" [_thread_blocked, id=22716, stack(0x0000000028040000,0x0000000028140000)]
  0x0000000022a9c800 JavaThread "Cache worker for execution history cache (F:\plug11\.gradle\5.4.1\executionHistory)" [_thread_blocked, id=11972, stack(0x0000000027f40000,0x0000000028040000)]
  0x0000000022aa0800 JavaThread "Execution worker for ':' Thread 7" [_thread_blocked, id=23492, stack(0x0000000027b80000,0x0000000027c80000)]
  0x0000000022a9b000 JavaThread "Execution worker for ':' Thread 6" [_thread_blocked, id=20436, stack(0x0000000027a80000,0x0000000027b80000)]
  0x0000000022a9d800 JavaThread "Execution worker for ':' Thread 5" [_thread_blocked, id=15976, stack(0x0000000027980000,0x0000000027a80000)]
  0x0000000022a9f800 JavaThread "Execution worker for ':' Thread 4" [_thread_blocked, id=20816, stack(0x0000000027680000,0x0000000027780000)]
  0x0000000022a9f000 JavaThread "Execution worker for ':' Thread 3" [_thread_blocked, id=20360, stack(0x0000000027580000,0x0000000027680000)]
  0x0000000022a92000 JavaThread "Execution worker for ':' Thread 2" [_thread_blocked, id=21824, stack(0x0000000027480000,0x0000000027580000)]
  0x0000000022a99000 JavaThread "Execution worker for ':'" [_thread_blocked, id=12096, stack(0x0000000026e70000,0x0000000026f70000)]
  0x0000000022a96000 JavaThread "Cache worker for file content cache (F:\plug11\.gradle\5.4.1\fileContent)" [_thread_blocked, id=19044, stack(0x0000000026570000,0x0000000026670000)]
  0x0000000022a96800 JavaThread "Cache worker for Build Output Cleanup Cache (F:\plug11\.gradle\buildOutputCleanup)" [_thread_blocked, id=16424, stack(0x0000000024c50000,0x0000000024d50000)]
  0x0000000022a91800 JavaThread "pool-10-thread-1" [_thread_blocked, id=21896, stack(0x0000000023d20000,0x0000000023e20000)]
  0x0000000022a95000 JavaThread "Build operations Thread 8" [_thread_blocked, id=16052, stack(0x0000000023820000,0x0000000023920000)]
  0x000000002569d800 JavaThread "Build operations Thread 7" [_thread_blocked, id=10168, stack(0x0000000023720000,0x0000000023820000)]
  0x000000002569d000 JavaThread "Build operations Thread 6" [_thread_blocked, id=1020, stack(0x0000000023620000,0x0000000023720000)]
  0x000000002569c000 JavaThread "Build operations Thread 5" [_thread_blocked, id=10336, stack(0x0000000023520000,0x0000000023620000)]
  0x000000002569b800 JavaThread "Build operations Thread 4" [_thread_blocked, id=15276, stack(0x0000000023420000,0x0000000023520000)]
  0x00000000256a0000 JavaThread "Build operations Thread 3" [_thread_blocked, id=13224, stack(0x0000000023120000,0x0000000023220000)]
  0x000000002569a800 JavaThread "Build operations Thread 2" [_thread_blocked, id=15456, stack(0x0000000022e10000,0x0000000022f10000)]
  0x000000002569a000 JavaThread "Build operations" [_thread_blocked, id=23160, stack(0x000000001ffa0000,0x00000000200a0000)]
  0x0000000025692000 JavaThread "Cache worker for cache directory md-rule (C:\Users\ASUS\.gradle\caches\5.4.1\md-rule)" [_thread_blocked, id=12272, stack(0x000000001fea0000,0x000000001ffa0000)]
  0x0000000025694800 JavaThread "Cache worker for cache directory md-supplier (C:\Users\ASUS\.gradle\caches\5.4.1\md-supplier)" [_thread_blocked, id=21880, stack(0x000000001faf0000,0x000000001fbf0000)]
  0x0000000025698800 JavaThread "Cache worker for file hash cache (F:\plug11\.gradle\5.4.1\fileHashes)" [_thread_blocked, id=17836, stack(0x000000001c080000,0x000000001c180000)]
  0x0000000025699000 JavaThread "Thread-128" [_thread_blocked, id=21392, stack(0x000000001bf80000,0x000000001c080000)]
  0x0000000025697800 JavaThread "Stdin handler" [_thread_blocked, id=19132, stack(0x000000001be80000,0x000000001bf80000)]
  0x0000000025690800 JavaThread "Asynchronous log dispatcher for DefaultDaemonConnection: socket connection from /127.0.0.1:3413 to /127.0.0.1:3540" [_thread_blocked, id=21744, stack(0x000000001bb80000,0x000000001bc80000)]
  0x0000000025693000 JavaThread "Cancel handler" [_thread_blocked, id=3156, stack(0x00000000010f0000,0x00000000011f0000)]
  0x0000000025691800 JavaThread "Handler for socket connection from /127.0.0.1:3413 to /127.0.0.1:3540" [_thread_in_native, id=5268, stack(0x0000000000ff0000,0x00000000010f0000)]
  0x0000000025696000 JavaThread "Daemon worker Thread 2" [_thread_in_native, id=16200, stack(0x000000001ba80000,0x000000001bb80000)]
  0x0000000025697000 JavaThread "Daemon Thread 2" [_thread_blocked, id=19148, stack(0x0000000000ef0000,0x0000000000ff0000)]
  0x000000001d343800 JavaThread "Cache worker for file content cache (C:\Users\ASUS\.gradle\caches\5.4.1\fileContent)" [_thread_blocked, id=12472, stack(0x0000000024b50000,0x0000000024c50000)]
  0x000000001d33f000 JavaThread "Memory manager" [_thread_blocked, id=23240, stack(0x0000000024020000,0x0000000024120000)]
  0x000000001d338000 JavaThread "Cache worker for execution history cache (C:\Users\ASUS\.gradle\caches\5.4.1\executionHistory)" [_thread_blocked, id=4300, stack(0x0000000021b40000,0x0000000021c40000)]
  0x00000000199b3800 JavaThread "Cache worker for journal cache (C:\Users\ASUS\.gradle\caches\journal-1)" [_thread_blocked, id=17304, stack(0x000000001d650000,0x000000001d750000)]
  0x00000000199b6800 JavaThread "File lock request listener" [_thread_in_native, id=9100, stack(0x000000001d550000,0x000000001d650000)]
  0x000000001accd800 JavaThread "Cache worker for file hash cache (C:\Users\ASUS\.gradle\caches\5.4.1\fileHashes)" [_thread_blocked, id=22488, stack(0x000000001d450000,0x000000001d550000)]
  0x0000000018b6b000 JavaThread "Daemon periodic checks" [_thread_blocked, id=22060, stack(0x000000001b980000,0x000000001ba80000)]
  0x000000001a28c000 JavaThread "Incoming local TCP Connector on port 3413" [_thread_in_native, id=7588, stack(0x000000001b740000,0x000000001b840000)]
  0x000000001af42800 JavaThread "Daemon health stats" [_thread_blocked, id=16616, stack(0x000000001b100000,0x000000001b200000)]
  0x0000000018ae6000 JavaThread "Service Thread" daemon [_thread_blocked, id=23228, stack(0x0000000019730000,0x0000000019830000)]
  0x0000000018a64800 JavaThread "C1 CompilerThread3" daemon [_thread_blocked, id=19656, stack(0x0000000019630000,0x0000000019730000)]
  0x0000000018a61000 JavaThread "C2 CompilerThread2" daemon [_thread_blocked, id=12460, stack(0x0000000019530000,0x0000000019630000)]
=>0x0000000018a60000 JavaThread "C2 CompilerThread1" daemon [_thread_in_native, id=12180, stack(0x0000000019430000,0x0000000019530000)]
  0x0000000018a5c800 JavaThread "C2 CompilerThread0" daemon [_thread_in_native, id=19792, stack(0x0000000019330000,0x0000000019430000)]
  0x0000000018a5b800 JavaThread "Attach Listener" daemon [_thread_blocked, id=12036, stack(0x0000000019230000,0x0000000019330000)]
  0x0000000018a66000 JavaThread "Signal Dispatcher" daemon [_thread_blocked, id=20780, stack(0x0000000019130000,0x0000000019230000)]
  0x0000000002e8e000 JavaThread "Finalizer" daemon [_thread_blocked, id=2400, stack(0x0000000018f30000,0x0000000019030000)]
  0x0000000002e85000 JavaThread "Reference Handler" daemon [_thread_blocked, id=15804, stack(0x0000000018e30000,0x0000000018f30000)]
  0x0000000002d8e000 JavaThread "main" [_thread_blocked, id=22048, stack(0x0000000002bc0000,0x0000000002cc0000)]

Other Threads:
  0x0000000016c48000 VMThread [stack: 0x0000000018930000,0x0000000018a30000] [id=5412]
  0x0000000018ae6800 WatcherThread [stack: 0x0000000019830000,0x0000000019930000] [id=14072]

VM state:not at safepoint (normal execution)

VM Mutex/Monitor currently owned by a thread: None

heap address: 0x00000000a0000000, size: 1536 MB, Compressed Oops mode: 32-bit
Narrow klass base: 0x0000000000000000, Narrow klass shift: 3
Compressed class space size: 1073741824 Address: 0x0000000100000000

Heap:
 PSYoungGen      total 440320K, used 366977K [0x00000000e0000000, 0x00000000ffb00000, 0x0000000100000000)
  eden space 365568K, 95% used [0x00000000e0000000,0x00000000f53518a0,0x00000000f6500000)
  from space 74752K, 26% used [0x00000000f6500000,0x00000000f780eca0,0x00000000fae00000)
  to   space 71680K, 0% used [0x00000000fb500000,0x00000000fb500000,0x00000000ffb00000)
 ParOldGen       total 412160K, used 266702K [0x00000000a0000000, 0x00000000b9280000, 0x00000000e0000000)
  object space 412160K, 64% used [0x00000000a0000000,0x00000000b0473ab0,0x00000000b9280000)
 Metaspace       used 98346K, capacity 103370K, committed 103448K, reserved 1138688K
  class space    used 12713K, capacity 13799K, committed 13864K, reserved 1048576K

Card table byte_map: [0x0000000012250000,0x0000000012560000] byte_map_base: 0x0000000011d50000

Marking Bits: (ParMarkBitMap*) 0x0000000060b59f30
 Begin Bits: [0x0000000012f60000, 0x0000000014760000)
 End Bits:   [0x0000000014760000, 0x0000000015f60000)

Polling page: 0x0000000000de0000

CodeCache: size=245760Kb used=61997Kb max_used=62033Kb free=183762Kb
 bounds [0x0000000002e90000, 0x0000000006b90000, 0x0000000011e90000]
 total_blobs=18568 nmethods=17673 adapters=805
 compilation: enabled

Compilation events (10 events):
Event: 161.422 Thread 0x0000000018a64800 22929       3       com.google.common.collect.Maps::newHashMapWithExpectedSize (12 bytes)
Event: 161.423 Thread 0x0000000018a64800 nmethod 22929 0x0000000003461e10 code [0x0000000003461fe0, 0x0000000003462378]
Event: 161.427 Thread 0x0000000018a64800 22930       3       com.google.common.collect.AbstractMultimap::<init> (5 bytes)
Event: 161.427 Thread 0x0000000018a64800 nmethod 22930 0x00000000043f1a10 code [0x00000000043f1b60, 0x00000000043f1d10]
Event: 161.427 Thread 0x0000000018a64800 22931       3       com.google.common.collect.Platform::newHashMapWithExpectedSize (5 bytes)
Event: 161.428 Thread 0x0000000018a64800 nmethod 22931 0x000000000503f010 code [0x000000000503f1c0, 0x000000000503f498]
Event: 161.434 Thread 0x0000000018a64800 22932       3       org.gradle.api.internal.artifacts.configurations.DefaultConfiguration::access$2200 (6 bytes)
Event: 161.435 Thread 0x0000000018a64800 nmethod 22932 0x0000000004e9b750 code [0x0000000004e9b8c0, 0x0000000004e9ba28]
Event: 161.437 Thread 0x0000000018a64800 22933       3       org.gradle.api.internal.artifacts.repositories.metadata.AbstractMetadataSource::<init> (5 bytes)
Event: 161.437 Thread 0x0000000018a64800 nmethod 22933 0x00000000046a1250 code [0x00000000046a13a0, 0x00000000046a1550]

GC Heap History (10 events):
Event: 46.650 GC heap before
{Heap before GC invocations=34 (full 5):
 PSYoungGen      total 427520K, used 360448K [0x00000000e0000000, 0x0000000100000000, 0x0000000100000000)
  eden space 360448K, 100% used [0x00000000e0000000,0x00000000f6000000,0x00000000f6000000)
  from space 67072K, 0% used [0x00000000fbe80000,0x00000000fbe80000,0x0000000100000000)
  to   space 81920K, 0% used [0x00000000f6000000,0x00000000f6000000,0x00000000fb000000)
 ParOldGen       total 412160K, used 199753K [0x00000000a0000000, 0x00000000b9280000, 0x00000000e0000000)
  object space 412160K, 48% used [0x00000000a0000000,0x00000000ac312560,0x00000000b9280000)
 Metaspace       used 88321K, capacity 92010K, committed 92568K, reserved 1130496K
  class space    used 11518K, capacity 12310K, committed 12456K, reserved 1048576K
Event: 46.795 GC heap after
Heap after GC invocations=34 (full 5):
 PSYoungGen      total 442368K, used 45922K [0x00000000e0000000, 0x0000000100000000, 0x0000000100000000)
  eden space 360448K, 0% used [0x00000000e0000000,0x00000000e0000000,0x00000000f6000000)
  from space 81920K, 56% used [0x00000000f6000000,0x00000000f8cd8bf8,0x00000000fb000000)
  to   space 81920K, 0% used [0x00000000fb000000,0x00000000fb000000,0x0000000100000000)
 ParOldGen       total 412160K, used 199761K [0x00000000a0000000, 0x00000000b9280000, 0x00000000e0000000)
  object space 412160K, 48% used [0x00000000a0000000,0x00000000ac314560,0x00000000b9280000)
 Metaspace       used 88321K, capacity 92010K, committed 92568K, reserved 1130496K
  class space    used 11518K, capacity 12310K, committed 12456K, reserved 1048576K
}
Event: 47.637 GC heap before
{Heap before GC invocations=35 (full 5):
 PSYoungGen      total 442368K, used 406370K [0x00000000e0000000, 0x0000000100000000, 0x0000000100000000)
  eden space 360448K, 100% used [0x00000000e0000000,0x00000000f6000000,0x00000000f6000000)
  from space 81920K, 56% used [0x00000000f6000000,0x00000000f8cd8bf8,0x00000000fb000000)
  to   space 81920K, 0% used [0x00000000fb000000,0x00000000fb000000,0x0000000100000000)
 ParOldGen       total 412160K, used 199761K [0x00000000a0000000, 0x00000000b9280000, 0x00000000e0000000)
  object space 412160K, 48% used [0x00000000a0000000,0x00000000ac314560,0x00000000b9280000)
 Metaspace       used 88329K, capacity 92074K, committed 92568K, reserved 1130496K
  class space    used 11518K, capacity 12310K, committed 12456K, reserved 1048576K
Event: 47.894 GC heap after
Heap after GC invocations=35 (full 5):
 PSYoungGen      total 440320K, used 12480K [0x00000000e0000000, 0x00000000ffe00000, 0x0000000100000000)
  eden space 360448K, 0% used [0x00000000e0000000,0x00000000e0000000,0x00000000f6000000)
  from space 79872K, 15% used [0x00000000fb000000,0x00000000fbc30020,0x00000000ffe00000)
  to   space 80896K, 0% used [0x00000000f6000000,0x00000000f6000000,0x00000000faf00000)
 ParOldGen       total 412160K, used 241356K [0x00000000a0000000, 0x00000000b9280000, 0x00000000e0000000)
  object space 412160K, 58% used [0x00000000a0000000,0x00000000aebb3340,0x00000000b9280000)
 Metaspace       used 88329K, capacity 92074K, committed 92568K, reserved 1130496K
  class space    used 11518K, capacity 12310K, committed 12456K, reserved 1048576K
}
Event: 48.631 GC heap before
{Heap before GC invocations=36 (full 5):
 PSYoungGen      total 440320K, used 372928K [0x00000000e0000000, 0x00000000ffe00000, 0x0000000100000000)
  eden space 360448K, 100% used [0x00000000e0000000,0x00000000f6000000,0x00000000f6000000)
  from space 79872K, 15% used [0x00000000fb000000,0x00000000fbc30020,0x00000000ffe00000)
  to   space 80896K, 0% used [0x00000000f6000000,0x00000000f6000000,0x00000000faf00000)
 ParOldGen       total 412160K, used 241356K [0x00000000a0000000, 0x00000000b9280000, 0x00000000e0000000)
  object space 412160K, 58% used [0x00000000a0000000,0x00000000aebb3340,0x00000000b9280000)
 Metaspace       used 88350K, capacity 92074K, committed 92568K, reserved 1130496K
  class space    used 11518K, capacity 12310K, committed 12456K, reserved 1048576K
Event: 48.653 GC heap after
Heap after GC invocations=36 (full 5):
 PSYoungGen      total 441344K, used 20056K [0x00000000e0000000, 0x00000000ffb00000, 0x0000000100000000)
  eden space 360448K, 0% used [0x00000000e0000000,0x00000000e0000000,0x00000000f6000000)
  from space 80896K, 24% used [0x00000000f6000000,0x00000000f73960b8,0x00000000faf00000)
  to   space 77824K, 0% used [0x00000000faf00000,0x00000000faf00000,0x00000000ffb00000)
 ParOldGen       total 412160K, used 249148K [0x00000000a0000000, 0x00000000b9280000, 0x00000000e0000000)
  object space 412160K, 60% used [0x00000000a0000000,0x00000000af34f370,0x00000000b9280000)
 Metaspace       used 88350K, capacity 92074K, committed 92568K, reserved 1130496K
  class space    used 11518K, capacity 12310K, committed 12456K, reserved 1048576K
}
Event: 49.762 GC heap before
{Heap before GC invocations=37 (full 5):
 PSYoungGen      total 441344K, used 375821K [0x00000000e0000000, 0x00000000ffb00000, 0x0000000100000000)
  eden space 360448K, 98% used [0x00000000e0000000,0x00000000f5b6d4a0,0x00000000f6000000)
  from space 80896K, 24% used [0x00000000f6000000,0x00000000f73960b8,0x00000000faf00000)
  to   space 77824K, 0% used [0x00000000faf00000,0x00000000faf00000,0x00000000ffb00000)
 ParOldGen       total 412160K, used 258033K [0x00000000a0000000, 0x00000000b9280000, 0x00000000e0000000)
  object space 412160K, 62% used [0x00000000a0000000,0x00000000afbfc488,0x00000000b9280000)
 Metaspace       used 88394K, capacity 92080K, committed 92568K, reserved 1130496K
  class space    used 11518K, capacity 12311K, committed 12456K, reserved 1048576K
Event: 49.783 GC heap after
Heap after GC invocations=37 (full 5):
 PSYoungGen      total 439296K, used 20967K [0x00000000e0000000, 0x00000000ff700000, 0x0000000100000000)
  eden space 365568K, 0% used [0x00000000e0000000,0x00000000e0000000,0x00000000f6500000)
  from space 73728K, 28% used [0x00000000faf00000,0x00000000fc379f48,0x00000000ff700000)
  to   space 74752K, 0% used [0x00000000f6500000,0x00000000f6500000,0x00000000fae00000)
 ParOldGen       total 412160K, used 264913K [0x00000000a0000000, 0x00000000b9280000, 0x00000000e0000000)
  object space 412160K, 64% used [0x00000000a0000000,0x00000000b02b4628,0x00000000b9280000)
 Metaspace       used 88394K, capacity 92080K, committed 92568K, reserved 1130496K
  class space    used 11518K, capacity 12311K, committed 12456K, reserved 1048576K
}
Event: 133.448 GC heap before
{Heap before GC invocations=38 (full 5):
 PSYoungGen      total 439296K, used 386535K [0x00000000e0000000, 0x00000000ff700000, 0x0000000100000000)
  eden space 365568K, 100% used [0x00000000e0000000,0x00000000f6500000,0x00000000f6500000)
  from space 73728K, 28% used [0x00000000faf00000,0x00000000fc379f48,0x00000000ff700000)
  to   space 74752K, 0% used [0x00000000f6500000,0x00000000f6500000,0x00000000fae00000)
 ParOldGen       total 412160K, used 264947K [0x00000000a0000000, 0x00000000b9280000, 0x00000000e0000000)
  object space 412160K, 64% used [0x00000000a0000000,0x00000000b02bcdc0,0x00000000b9280000)
 Metaspace       used 95108K, capacity 99314K, committed 99608K, reserved 1136640K
  class space    used 12291K, capacity 13203K, committed 13352K, reserved 1048576K
Event: 133.632 GC heap after
Heap after GC invocations=38 (full 5):
 PSYoungGen      total 440320K, used 19515K [0x00000000e0000000, 0x00000000ffb00000, 0x0000000100000000)
  eden space 365568K, 0% used [0x00000000e0000000,0x00000000e0000000,0x00000000f6500000)
  from space 74752K, 26% used [0x00000000f6500000,0x00000000f780eca0,0x00000000fae00000)
  to   space 71680K, 0% used [0x00000000fb500000,0x00000000fb500000,0x00000000ffb00000)
 ParOldGen       total 412160K, used 266702K [0x00000000a0000000, 0x00000000b9280000, 0x00000000e0000000)
  object space 412160K, 64% used [0x00000000a0000000,0x00000000b0473ab0,0x00000000b9280000)
 Metaspace       used 95108K, capacity 99314K, committed 99608K, reserved 1136640K
  class space    used 12291K, capacity 13203K, committed 13352K, reserved 1048576K
}

Deoptimization events (10 events):
Event: 160.599 Thread 0x0000000022a9f800 Uncommon trap: reason=bimorphic action=maybe_recompile pc=0x0000000004738718 method=java.util.regex.Pattern$CharProperty$1.isSatisfiedBy(I)Z @ 5
Event: 160.617 Thread 0x0000000022a9f800 Uncommon trap: reason=unstable_if action=reinterpret pc=0x00000000051826d0 method=java.util.stream.AbstractPipeline.sourceSpliterator(I)Ljava/util/Spliterator; @ 9
Event: 160.620 Thread 0x0000000022a9f800 Uncommon trap: reason=unstable_if action=reinterpret pc=0x000000000515b99c method=java.util.stream.AbstractPipeline.sourceSpliterator(I)Ljava/util/Spliterator; @ 9
Event: 160.626 Thread 0x0000000022a9f800 Uncommon trap: reason=unstable_if action=reinterpret pc=0x0000000003bb55a4 method=com.google.gson.stream.JsonReader.nextNonWhitespace(Z)I @ 93
Event: 160.661 Thread 0x0000000022a9f800 Uncommon trap: reason=speculate_class_check action=maybe_recompile pc=0x0000000005b5b744 method=java.nio.charset.CharsetEncoder.reset()Ljava/nio/charset/CharsetEncoder; @ 1
Event: 161.079 Thread 0x0000000022a9e000 Uncommon trap: reason=unstable_if action=reinterpret pc=0x000000000600e32c method=sun.nio.ch.IOUtil.writeFromNativeBuffer(Ljava/io/FileDescriptor;Ljava/nio/ByteBuffer;JLsun/nio/ch/NativeDispatcher;)I @ 66
Event: 161.365 Thread 0x0000000025696000 Uncommon trap: reason=class_check action=maybe_recompile pc=0x0000000003f285c8 method=org.gradle.internal.snapshot.impl.DefaultFileSystemSnapshotter.snapshot(Lorg/gradle/api/internal/file/FileCollectionInternal;)Ljava/util/List; @ 12
Event: 161.365 Thread 0x0000000025696000 Uncommon trap: reason=class_check action=maybe_recompile pc=0x0000000003f285c8 method=org.gradle.internal.snapshot.impl.DefaultFileSystemSnapshotter.snapshot(Lorg/gradle/api/internal/file/FileCollectionInternal;)Ljava/util/List; @ 12
Event: 161.365 Thread 0x0000000025696000 Uncommon trap: reason=class_check action=maybe_recompile pc=0x0000000003f285c8 method=org.gradle.internal.snapshot.impl.DefaultFileSystemSnapshotter.snapshot(Lorg/gradle/api/internal/file/FileCollectionInternal;)Ljava/util/List; @ 12
Event: 161.390 Thread 0x0000000025696000 Uncommon trap: reason=class_check action=maybe_recompile pc=0x0000000003f285c8 method=org.gradle.internal.snapshot.impl.DefaultFileSystemSnapshotter.snapshot(Lorg/gradle/api/internal/file/FileCollectionInternal;)Ljava/util/List; @ 12

Classes redefined (0 events):
No events

Internal exceptions (10 events):
Event: 149.200 Thread 0x0000000025696000 Exception <a 'sun/nio/fs/WindowsException'> (0x00000000e8284300) thrown at [D:\src\AOSP-openjdk-cygwin\jdk8u\hotspot\src\share\vm\prims\jni.cpp, line 710]
Event: 149.416 Thread 0x000000002056d800 Exception <a 'java/lang/NoSuchMethodError': <clinit>> (0x00000000e7667e48) thrown at [D:\src\AOSP-openjdk-cygwin\jdk8u\hotspot\src\share\vm\prims\jni.cpp, line 1614]
Event: 150.889 Thread 0x0000000025696000 Exception <a 'sun/nio/fs/WindowsException'> (0x00000000e91cb550) thrown at [D:\src\AOSP-openjdk-cygwin\jdk8u\hotspot\src\share\vm\prims\jni.cpp, line 710]
Event: 159.567 Thread 0x0000000025696000 Exception <a 'sun/nio/fs/WindowsException'> (0x00000000ea46ce20) thrown at [D:\src\AOSP-openjdk-cygwin\jdk8u\hotspot\src\share\vm\prims\jni.cpp, line 710]
Event: 160.607 Thread 0x0000000022a9f800 Exception <a 'java/lang/NoSuchMethodError': java.lang.Object.lambda$codePoints$1()Ljava/util/Spliterator$OfInt;> (0x00000000f231d958) thrown at [D:\src\AOSP-openjdk-cygwin\jdk8u\hotspot\src\share\vm\interpreter\linkResolver.cpp, line 620]
Event: 160.796 Thread 0x0000000022a9d800 Exception <a 'java/lang/NoSuchMethodError': <clinit>> (0x00000000f33a9158) thrown at [D:\src\AOSP-openjdk-cygwin\jdk8u\hotspot\src\share\vm\prims\jni.cpp, line 1614]
Event: 160.843 Thread 0x0000000022a9e000 Exception <a 'sun/nio/fs/WindowsException'> (0x00000000f35e3ac0) thrown at [D:\src\AOSP-openjdk-cygwin\jdk8u\hotspot\src\share\vm\prims\jni.cpp, line 710]
Event: 160.871 Thread 0x0000000022a9e000 Exception <a 'sun/nio/fs/WindowsException'> (0x00000000f35f63d0) thrown at [D:\src\AOSP-openjdk-cygwin\jdk8u\hotspot\src\share\vm\prims\jni.cpp, line 710]
Event: 160.983 Thread 0x0000000022a9d800 Exception <a 'java/lang/NoSuchMethodError': <clinit>> (0x00000000f406fbb8) thrown at [D:\src\AOSP-openjdk-cygwin\jdk8u\hotspot\src\share\vm\prims\jni.cpp, line 1614]
Event: 161.194 Thread 0x0000000022a99000 Exception <a 'java/lang/NoSuchMethodError': <clinit>> (0x00000000f4aafc80) thrown at [D:\src\AOSP-openjdk-cygwin\jdk8u\hotspot\src\share\vm\prims\jni.cpp, line 1614]

Events (10 events):
Event: 161.410 loading class com/android/ide/common/vectordrawable/ResourcesNotSupportedException done
Event: 161.411 loading class com/android/build/gradle/internal/LoggerWrapper$LoggerSupplier
Event: 161.411 loading class com/android/build/gradle/internal/LoggerWrapper$LoggerSupplier done
Event: 161.425 Thread 0x0000000018a64800 flushing nmethod 0x0000000006737490
Event: 161.430 loading class com/android/ide/common/resources/MergedResourceMergerItem
Event: 161.430 loading class com/android/ide/common/resources/MergedResourceMergerItem done
Event: 161.431 loading class com/android/ide/common/resources/SourcelessResourceMergerItem
Event: 161.431 loading class com/android/ide/common/resources/SourcelessResourceMergerItem done
Event: 161.451 loading class com/android/build/gradle/internal/aapt/WorkerExecutorResourceCompilationService
Event: 161.451 loading class com/android/build/gradle/internal/aapt/WorkerExecutorResourceCompilationService done


Dynamic libraries:
0x00007ff68e020000 - 0x00007ff68e051000 	C:\Program Files\Android\Android Studio\jre\bin\java.exe
0x00007ffc87100000 - 0x00007ffc872f0000 	C:\WINDOWS\SYSTEM32\ntdll.dll
0x00007ffc867b0000 - 0x00007ffc86862000 	C:\WINDOWS\System32\KERNEL32.DLL
0x00007ffc84a60000 - 0x00007ffc84d04000 	C:\WINDOWS\System32\KERNELBASE.dll
0x00007ffc86880000 - 0x00007ffc86923000 	C:\WINDOWS\System32\ADVAPI32.dll
0x00007ffc86470000 - 0x00007ffc8650e000 	C:\WINDOWS\System32\msvcrt.dll
0x00007ffc87020000 - 0x00007ffc870b7000 	C:\WINDOWS\System32\sechost.dll
0x00007ffc86570000 - 0x00007ffc86690000 	C:\WINDOWS\System32\RPCRT4.dll
0x00007ffc85420000 - 0x00007ffc855b4000 	C:\WINDOWS\System32\USER32.dll
0x00007ffc84090000 - 0x00007ffc840b1000 	C:\WINDOWS\System32\win32u.dll
0x00007ffc85230000 - 0x00007ffc85256000 	C:\WINDOWS\System32\GDI32.dll
0x00007ffc84fb0000 - 0x00007ffc85145000 	C:\WINDOWS\System32\gdi32full.dll
0x00007ffc84f10000 - 0x00007ffc84fae000 	C:\WINDOWS\System32\msvcp_win.dll
0x00007ffc84960000 - 0x00007ffc84a5a000 	C:\WINDOWS\System32\ucrtbase.dll
0x00007ffc6d160000 - 0x00007ffc6d3e4000 	C:\WINDOWS\WinSxS\amd64_microsoft.windows.common-controls_6595b64144ccf1df_6.0.18362.900_none_e6beb9d913147d17\COMCTL32.dll
0x00007ffc859e0000 - 0x00007ffc85d15000 	C:\WINDOWS\System32\combase.dll
0x00007ffc84d10000 - 0x00007ffc84d90000 	C:\WINDOWS\System32\bcryptPrimitives.dll
0x00007ffc86690000 - 0x00007ffc866be000 	C:\WINDOWS\System32\IMM32.DLL
0x00000000601d0000 - 0x00000000602a2000 	C:\Program Files\Android\Android Studio\jre\jre\bin\msvcr100.dll
0x0000000060390000 - 0x0000000060bd6000 	C:\Program Files\Android\Android Studio\jre\jre\bin\server\jvm.dll
0x00007ffc86870000 - 0x00007ffc86878000 	C:\WINDOWS\System32\PSAPI.DLL
0x00007ffc6e460000 - 0x00007ffc6e469000 	C:\WINDOWS\SYSTEM32\WSOCK32.dll
0x00007ffc85e80000 - 0x00007ffc85eef000 	C:\WINDOWS\System32\WS2_32.dll
0x00007ffc7eb30000 - 0x00007ffc7eb54000 	C:\WINDOWS\SYSTEM32\WINMM.dll
0x00007ffc7b460000 - 0x00007ffc7b46a000 	C:\WINDOWS\SYSTEM32\VERSION.dll
0x00007ffc7eb00000 - 0x00007ffc7eb2d000 	C:\WINDOWS\SYSTEM32\winmmbase.dll
0x00007ffc840c0000 - 0x00007ffc8410a000 	C:\WINDOWS\System32\cfgmgr32.dll
0x00007ffc7ca10000 - 0x00007ffc7ca1f000 	C:\Program Files\Android\Android Studio\jre\jre\bin\verify.dll
0x00007ffc73770000 - 0x00007ffc73799000 	C:\Program Files\Android\Android Studio\jre\jre\bin\java.dll
0x00007ffc73440000 - 0x00007ffc73456000 	C:\Program Files\Android\Android Studio\jre\jre\bin\zip.dll
0x00007ffc86930000 - 0x00007ffc87016000 	C:\WINDOWS\System32\SHELL32.dll
0x00007ffc85d20000 - 0x00007ffc85dc9000 	C:\WINDOWS\System32\shcore.dll
0x00007ffc84130000 - 0x00007ffc848b0000 	C:\WINDOWS\System32\windows.storage.dll
0x00007ffc84040000 - 0x00007ffc84063000 	C:\WINDOWS\System32\profapi.dll
0x00007ffc83ff0000 - 0x00007ffc8403a000 	C:\WINDOWS\System32\powrprof.dll
0x00007ffc83fc0000 - 0x00007ffc83fd0000 	C:\WINDOWS\System32\UMPDC.dll
0x00007ffc857d0000 - 0x00007ffc85822000 	C:\WINDOWS\System32\shlwapi.dll
0x00007ffc83fd0000 - 0x00007ffc83fe1000 	C:\WINDOWS\System32\kernel.appcore.dll
0x00007ffc84110000 - 0x00007ffc84127000 	C:\WINDOWS\System32\cryptsp.dll
0x00007ffc73180000 - 0x00007ffc7319a000 	C:\Program Files\Android\Android Studio\jre\jre\bin\net.dll
0x00007ffc72aa0000 - 0x00007ffc72c76000 	C:\WINDOWS\SYSTEM32\urlmon.dll
0x00007ffc72360000 - 0x00007ffc72606000 	C:\WINDOWS\SYSTEM32\iertutil.dll
0x00007ffc83a00000 - 0x00007ffc83a0c000 	C:\WINDOWS\SYSTEM32\CRYPTBASE.DLL
0x00007ffc83830000 - 0x00007ffc83897000 	C:\WINDOWS\system32\mswsock.dll
0x00007ffc70fb0000 - 0x00007ffc70fc3000 	C:\Program Files\Android\Android Studio\jre\jre\bin\nio.dll
0x00007ffc5f860000 - 0x00007ffc5f886000 	C:\Users\ASUS\.gradle\native\29\windows-amd64\native-platform.dll
0x00007ffc73960000 - 0x00007ffc7396d000 	C:\Program Files\Android\Android Studio\jre\jre\bin\management.dll
0x00007ffc833a0000 - 0x00007ffc833d3000 	C:\WINDOWS\system32\rsaenh.dll
0x00007ffc84d90000 - 0x00007ffc84db6000 	C:\WINDOWS\System32\bcrypt.dll
0x00007ffc83ee0000 - 0x00007ffc83f05000 	C:\WINDOWS\SYSTEM32\USERENV.dll
0x00007ffc83540000 - 0x00007ffc8357a000 	C:\WINDOWS\SYSTEM32\IPHLPAPI.DLL
0x00007ffc867a0000 - 0x00007ffc867a8000 	C:\WINDOWS\System32\NSI.dll
0x00007ffc74130000 - 0x00007ffc74146000 	C:\WINDOWS\SYSTEM32\dhcpcsvc6.DLL
0x00007ffc74170000 - 0x00007ffc7418c000 	C:\WINDOWS\SYSTEM32\dhcpcsvc.DLL
0x00007ffc83580000 - 0x00007ffc8364b000 	C:\WINDOWS\SYSTEM32\DNSAPI.dll
0x00007ffc83020000 - 0x00007ffc83051000 	C:\WINDOWS\SYSTEM32\ntmarta.dll

VM Arguments:
jvm_args: -Xmx1536m -Dfile.encoding=windows-1252 -Duser.country=IN -Duser.language=en -Duser.variant 
java_command: org.gradle.launcher.daemon.bootstrap.GradleDaemon 5.4.1
java_class_path (initial): C:\Users\ASUS\.gradle\wrapper\dists\gradle-5.4.1-all\3221gyojl5jsh0helicew7rwx\gradle-5.4.1\lib\gradle-launcher-5.4.1.jar
Launcher Type: SUN_STANDARD

Environment Variables:
PATH=C:\Windows\system32;C:\Windows;C:\Windows\System32\Wbem;C:\Windows\System32\WindowsPowerShell\v1.0\;C:\Windows\System32\OpenSSH\;C:\Program Files (x86)\NVIDIA Corporation\PhysX\Common;C:\Program Files\Intel\WiFi\bin\;C:\Program Files\Common Files\Intel\WirelessCommon\;C:\WINDOWS\system32;C:\WINDOWS;C:\WINDOWS\System32\Wbem;C:\WINDOWS\System32\WindowsPowerShell\v1.0\;C:\WINDOWS\System32\OpenSSH\;C:\Program Files\Git\cmd;C:\xampp\php;C:\ProgramData\ComposerSetup\bin;C:\Program Files\PowerShell\6\;C:\Program Files\PuTTY\;C:\Python37;C:\Program Files\nodejs\;C:\Program Files\Amazon\AWSCLI\bin\;C:\WINDOWS\system32\config\systemprofile\AppData\Local\Microsoft\WindowsApps;C:\Python37\Scripts;C:\Program Files\Amazon\AWSCLIV2\;C:\Users\ASUS\AppData\Local\Programs\Microsoft VS Code\bin;C:\Users\ASUS\AppData\Roaming\Composer\vendor\bin;C:\Users\ASUS\AppData\Roaming\npm;C:\Python37;C:\Python37\Scripts;;C:\Program Files\JetBrains\PhpStorm 2019.3.4\bin;
USERNAME=ASUS
OS=Windows_NT
PROCESSOR_IDENTIFIER=Intel64 Family 6 Model 142 Stepping 12, GenuineIntel



---------------  S Y S T E M  ---------------

OS: Windows 10.0 , 64 bit Build 18362 (10.0.18362.900)

CPU:total 8 (initial active 8) (4 cores per cpu, 2 threads per core) family 6 model 142 stepping 12, cmov, cx8, fxsr, mmx, sse, sse2, sse3, ssse3, sse4.1, sse4.2, popcnt, avx, avx2, aes, clmul, erms, 3dnowpref, lzcnt, ht, tsc, tscinvbit, bmi1, bmi2, adx

Memory: 4k page, physical 8236360k(425472k free), swap 22458564k(5596k free)

vm_info: OpenJDK 64-Bit Server VM (25.212-b04) for windows-amd64 JRE (1.8.0_212-release-1586-b04), built by "builder" with MS VC++ 10.0 (VS2010)

time: Tue Jun 23 01:20:02 2020
timezone: India Standard Time
elapsed time: 161 seconds (0d 0h 2m 41s)

