#
# There is insufficient memory for the Java Runtime Environment to continue.
# Native memory allocation (malloc) failed to allocate 72080 bytes for Chunk::new
# Possible reasons:
#   The system is out of physical RAM or swap space
#   The process is running with CompressedOops enabled, and the Java Heap may be blocking the growth of the native heap
# Possible solutions:
#   Reduce memory load on the system
#   Increase physical memory or swap space
#   Check if swap backing store is full
#   Decrease Java heap size (-Xmx/-Xms)
#   Decrease number of Java threads
#   Decrease Java thread stack sizes (-Xss)
#   Set larger code cache with -XX:ReservedCodeCacheSize=
#   JVM is running with Unscaled Compressed Oops mode in which the Java heap is
#     placed in the first 4GB address space. The Java Heap base address is the
#     maximum limit for the native heap growth. Please use -XX:HeapBaseMinAddress
#     to set the Java Heap base and to place the Java Heap above 4GB virtual address.
# This output file may be truncated or incomplete.
#
#  Out of Memory Error (allocation.cpp:389), pid=7888, tid=0x00000000000038ec
#
# JRE version: OpenJDK Runtime Environment (8.0_212-b04) (build 1.8.0_212-release-1586-b04)
# Java VM: OpenJDK 64-Bit Server VM (25.212-b04 mixed mode windows-amd64 compressed oops)
# Failed to write core dump. Minidumps are not enabled by default on client versions of Windows
#

---------------  T H R E A D  ---------------

Current thread (0x000000001876e800):  JavaThread "C2 CompilerThread1" daemon [_thread_in_native, id=14572, stack(0x0000000019140000,0x0000000019240000)]

Stack: [0x0000000019140000,0x0000000019240000]
[error occurred during error reporting (printing stack bounds), id 0xc0000005]

Native frames: (J=compiled Java code, j=interpreted, Vv=VM code, C=native code)


Current CompileTask:
C2:  83826 22013       4       com.android.tools.r8.ir.conversion.N::d (289 bytes)


---------------  P R O C E S S  ---------------

Java Threads: ( => current thread )
  0x0000000025798000 JavaThread "ForkJoinPool-2-worker-0" daemon [_thread_blocked, id=14072, stack(0x000000002c530000,0x000000002c630000)]
  0x0000000025794000 JavaThread "ForkJoinPool-2-worker-7" daemon [_thread_blocked, id=23228, stack(0x000000002c430000,0x000000002c530000)]
  0x0000000025797000 JavaThread "ForkJoinPool-2-worker-6" daemon [_thread_blocked, id=19656, stack(0x000000002c330000,0x000000002c430000)]
  0x0000000025795800 JavaThread "ForkJoinPool-2-worker-5" daemon [_thread_blocked, id=12460, stack(0x000000002af60000,0x000000002b060000)]
  0x000000002579a000 JavaThread "ForkJoinPool-2-worker-4" daemon [_thread_blocked, id=12036, stack(0x000000002c230000,0x000000002c330000)]
  0x0000000025794800 JavaThread "ForkJoinPool-2-worker-3" daemon [_thread_blocked, id=20780, stack(0x000000002c130000,0x000000002c230000)]
  0x000000001d16b800 JavaThread "ForkJoinPool-2-worker-1" daemon [_thread_blocked, id=7532, stack(0x000000002bd10000,0x000000002be10000)]
  0x000000001d169000 JavaThread "WorkerExecutor Queue Thread 17" [_thread_blocked, id=12108, stack(0x000000002b860000,0x000000002b960000)]
  0x000000001d167000 JavaThread "WorkerExecutor Queue Thread 16" [_thread_blocked, id=20168, stack(0x000000002b760000,0x000000002b860000)]
  0x000000001d166000 JavaThread "WorkerExecutor Queue Thread 15" [_thread_in_Java, id=16640, stack(0x000000002b660000,0x000000002b760000)]
  0x000000001d165800 JavaThread "WorkerExecutor Queue Thread 14" [_thread_blocked, id=12104, stack(0x000000002b560000,0x000000002b660000)]
  0x000000001d15d800 JavaThread "WorkerExecutor Queue Thread 13" [_thread_blocked, id=23392, stack(0x000000002b460000,0x000000002b560000)]
  0x000000001d164800 JavaThread "WorkerExecutor Queue Thread 12" [_thread_blocked, id=22220, stack(0x000000002b360000,0x000000002b460000)]
  0x000000001d163000 JavaThread "ForkJoinPool.commonPool-worker-7" daemon [_thread_blocked, id=22064, stack(0x000000002b060000,0x000000002b160000)]
  0x000000001d15d000 JavaThread "ForkJoinPool.commonPool-worker-4" daemon [_thread_blocked, id=22496, stack(0x000000002ad60000,0x000000002ae60000)]
  0x000000001d15c000 JavaThread "ForkJoinPool.commonPool-worker-3" daemon [_thread_blocked, id=17024, stack(0x000000002ac60000,0x000000002ad60000)]
  0x000000001d160000 JavaThread "ForkJoinPool.commonPool-worker-2" daemon [_thread_blocked, id=18016, stack(0x000000002a460000,0x000000002a560000)]
  0x000000001d15f000 JavaThread "ForkJoinPool.commonPool-worker-1" daemon [_thread_blocked, id=22540, stack(0x0000000028bb0000,0x0000000028cb0000)]
  0x000000001d162800 JavaThread "WorkerExecutor Queue Thread 11" [_thread_in_Java, id=2216, stack(0x000000001bf90000,0x000000001c090000)]
  0x000000001de54800 JavaThread "Cache worker for Java compile cache (F:\plug11\.gradle\5.4.1\javaCompile)" [_thread_blocked, id=21960, stack(0x0000000000ee0000,0x0000000000fe0000)]
  0x000000001de5a000 JavaThread "Cache worker for Java compile cache (C:\Users\ASUS\.gradle\caches\5.4.1\javaCompile)" [_thread_blocked, id=23088, stack(0x0000000000de0000,0x0000000000ee0000)]
  0x000000001de56000 JavaThread "WorkerExecutor Queue Thread 10" [_thread_in_Java, id=16328, stack(0x0000000000bd0000,0x0000000000cd0000)]
  0x000000001d075000 JavaThread "RMI TCP Connection(7)-127.0.0.1" daemon [_thread_in_native, id=11556, stack(0x000000002a560000,0x000000002a660000)]
  0x000000001d070000 JavaThread "RMI TCP Connection(idle)" daemon [_thread_blocked, id=17956, stack(0x000000002a360000,0x000000002a460000)]
  0x000000001d068800 JavaThread "RMI TCP Connection(idle)" daemon [_thread_blocked, id=18788, stack(0x0000000029c10000,0x0000000029d10000)]
  0x000000001de59000 JavaThread "RMI Reaper" [_thread_blocked, id=17828, stack(0x0000000029b10000,0x0000000029c10000)]
  0x000000001de5a800 JavaThread "RMI TCP Accept-0" daemon [_thread_in_native, id=1568, stack(0x00000000292b0000,0x00000000293b0000)]
  0x000000001de4f800 JavaThread "GC Daemon" daemon [_thread_blocked, id=19972, stack(0x00000000291b0000,0x00000000292b0000)]
  0x000000001de4c800 JavaThread "RMI Scheduler(0)" daemon [_thread_blocked, id=17196, stack(0x0000000027b30000,0x0000000027c30000)]
  0x000000001de55800 JavaThread "stdout" [_thread_in_native, id=17468, stack(0x0000000029a10000,0x0000000029b10000)]
  0x000000001de57000 JavaThread "stderr" [_thread_in_native, id=19608, stack(0x00000000290b0000,0x00000000291b0000)]
  0x000000001de52800 JavaThread "stdout" [_thread_in_native, id=19396, stack(0x0000000029910000,0x0000000029a10000)]
  0x000000001de54000 JavaThread "stderr" [_thread_in_native, id=13504, stack(0x0000000029810000,0x0000000029910000)]
  0x000000001de57800 JavaThread "stdout" [_thread_in_native, id=5520, stack(0x0000000029710000,0x0000000029810000)]
  0x000000001de4b800 JavaThread "stderr" [_thread_in_native, id=10468, stack(0x0000000029610000,0x0000000029710000)]
  0x000000001de51000 JavaThread "stdout" [_thread_in_native, id=11808, stack(0x0000000029510000,0x0000000029610000)]
  0x000000001de50000 JavaThread "stderr" [_thread_in_native, id=18884, stack(0x0000000029410000,0x0000000029510000)]
  0x000000001de4e000 JavaThread "stdout" [_thread_in_native, id=11276, stack(0x0000000028fb0000,0x00000000290b0000)]
  0x000000001de4d000 JavaThread "stderr" [_thread_in_native, id=18816, stack(0x0000000028eb0000,0x0000000028fb0000)]
  0x000000001de4e800 JavaThread "stdout" [_thread_in_native, id=17696, stack(0x0000000028db0000,0x0000000028eb0000)]
  0x000000001987f800 JavaThread "stderr" [_thread_in_native, id=14732, stack(0x0000000028cb0000,0x0000000028db0000)]
  0x000000001d074800 JavaThread "stdout" [_thread_in_native, id=19240, stack(0x0000000028ab0000,0x0000000028bb0000)]
  0x000000001d072000 JavaThread "stderr" [_thread_in_native, id=2308, stack(0x0000000028790000,0x0000000028890000)]
  0x000000001d071800 JavaThread "stdout" [_thread_in_native, id=6496, stack(0x00000000289b0000,0x0000000028ab0000)]
  0x000000001d073800 JavaThread "stderr" [_thread_in_native, id=16832, stack(0x00000000288b0000,0x00000000289b0000)]
  0x000000001d070800 JavaThread "pool-2-thread-1" [_thread_blocked, id=20532, stack(0x0000000028690000,0x0000000028790000)]
  0x000000001d073000 JavaThread "WorkerExecutor Queue Thread 4" [_thread_blocked, id=18600, stack(0x0000000028590000,0x0000000028690000)]
  0x000000001d067800 JavaThread "Cache worker for execution history cache (F:\plug11\.gradle\5.4.1\executionHistory)" [_thread_blocked, id=18936, stack(0x0000000027c90000,0x0000000027d90000)]
  0x000000001d06a800 JavaThread "Execution worker for ':' Thread 7" [_thread_blocked, id=15388, stack(0x0000000027a30000,0x0000000027b30000)]
  0x000000001d066000 JavaThread "Execution worker for ':' Thread 6" [_thread_blocked, id=14320, stack(0x0000000027930000,0x0000000027a30000)]
  0x000000001d06a000 JavaThread "Execution worker for ':' Thread 5" [_thread_blocked, id=18872, stack(0x0000000027830000,0x0000000027930000)]
  0x000000001d06b800 JavaThread "Execution worker for ':' Thread 4" [_thread_blocked, id=10352, stack(0x0000000027730000,0x0000000027830000)]
  0x000000001d067000 JavaThread "Execution worker for ':' Thread 3" [_thread_blocked, id=15316, stack(0x00000000265b0000,0x00000000266b0000)]
  0x000000001d722800 JavaThread "Execution worker for ':' Thread 2" [_thread_blocked, id=9456, stack(0x00000000264b0000,0x00000000265b0000)]
  0x000000001d722000 JavaThread "Execution worker for ':'" [_thread_blocked, id=11020, stack(0x0000000025980000,0x0000000025a80000)]
  0x000000001d720800 JavaThread "Cache worker for file content cache (F:\plug11\.gradle\5.4.1\fileContent)" [_thread_blocked, id=21584, stack(0x0000000025d20000,0x0000000025e20000)]
  0x000000001d71e800 JavaThread "Cache worker for file content cache (C:\Users\ASUS\.gradle\caches\5.4.1\fileContent)" [_thread_blocked, id=15280, stack(0x0000000025c20000,0x0000000025d20000)]
  0x000000001d71e000 JavaThread "Memory manager" [_thread_blocked, id=23340, stack(0x0000000025b20000,0x0000000025c20000)]
  0x000000001d71d000 JavaThread "Cache worker for Build Output Cleanup Cache (F:\plug11\.gradle\buildOutputCleanup)" [_thread_blocked, id=15436, stack(0x00000000232f0000,0x00000000233f0000)]
  0x000000001d715800 JavaThread "pool-1-thread-1" [_thread_blocked, id=20096, stack(0x0000000022ff0000,0x00000000230f0000)]
  0x000000001d71b800 JavaThread "Build operations Thread 8" [_thread_blocked, id=5264, stack(0x0000000023a00000,0x0000000023b00000)]
  0x000000001d71b000 JavaThread "Build operations Thread 7" [_thread_blocked, id=22524, stack(0x0000000023900000,0x0000000023a00000)]
  0x000000001d713800 JavaThread "Build operations Thread 6" [_thread_blocked, id=11864, stack(0x0000000023800000,0x0000000023900000)]
  0x000000001d71a000 JavaThread "Build operations Thread 5" [_thread_blocked, id=21944, stack(0x0000000023700000,0x0000000023800000)]
  0x000000001d715000 JavaThread "Build operations Thread 4" [_thread_blocked, id=4332, stack(0x0000000023600000,0x0000000023700000)]
  0x000000001d717000 JavaThread "Build operations Thread 3" [_thread_blocked, id=21396, stack(0x0000000023500000,0x0000000023600000)]
  0x000000001d719800 JavaThread "Build operations Thread 2" [_thread_blocked, id=7656, stack(0x0000000023400000,0x0000000023500000)]
  0x000000001d718000 JavaThread "Build operations" [_thread_blocked, id=22552, stack(0x00000000217f0000,0x00000000218f0000)]
  0x000000001d718800 JavaThread "Cache worker for execution history cache (C:\Users\ASUS\.gradle\caches\5.4.1\executionHistory)" [_thread_blocked, id=20204, stack(0x0000000021920000,0x0000000021a20000)]
  0x000000001d714000 JavaThread "Cache worker for cache directory md-rule (C:\Users\ASUS\.gradle\caches\5.4.1\md-rule)" [_thread_blocked, id=13004, stack(0x00000000200c0000,0x00000000201c0000)]
  0x000000001987e000 JavaThread "Cache worker for cache directory md-supplier (C:\Users\ASUS\.gradle\caches\5.4.1\md-supplier)" [_thread_blocked, id=8412, stack(0x000000001fa00000,0x000000001fb00000)]
  0x000000001987d000 JavaThread "Cache worker for file hash cache (F:\plug11\.gradle\5.4.1\fileHashes)" [_thread_blocked, id=12532, stack(0x000000001fbc0000,0x000000001fcc0000)]
  0x0000000019880000 JavaThread "Cache worker for journal cache (C:\Users\ASUS\.gradle\caches\journal-1)" [_thread_blocked, id=16492, stack(0x000000001c390000,0x000000001c490000)]
  0x000000001987e800 JavaThread "File lock request listener" [_thread_in_native, id=9768, stack(0x000000001c290000,0x000000001c390000)]
  0x0000000018aec800 JavaThread "Cache worker for file hash cache (C:\Users\ASUS\.gradle\caches\5.4.1\fileHashes)" [_thread_blocked, id=21956, stack(0x000000001c190000,0x000000001c290000)]
  0x000000001a8d7000 JavaThread "Thread-9" [_thread_blocked, id=5328, stack(0x000000001c090000,0x000000001c190000)]
  0x000000001a8d5000 JavaThread "Asynchronous log dispatcher for DefaultDaemonConnection: socket connection from /127.0.0.1:3563 to /127.0.0.1:3564" [_thread_blocked, id=11828, stack(0x000000001bd90000,0x000000001be90000)]
  0x000000001a8b2800 JavaThread "Daemon worker" [_thread_blocked, id=18860, stack(0x000000001bc90000,0x000000001bd90000)]
  0x00000000196c9000 JavaThread "Cancel handler" [_thread_blocked, id=21104, stack(0x000000001bb90000,0x000000001bc90000)]
  0x000000001969c800 JavaThread "Handler for socket connection from /127.0.0.1:3563 to /127.0.0.1:3564" [_thread_in_native, id=3688, stack(0x000000001b890000,0x000000001b990000)]
  0x000000001a8f1800 JavaThread "Daemon" [_thread_blocked, id=18248, stack(0x000000001b790000,0x000000001b890000)]
  0x000000001aa7f800 JavaThread "Daemon periodic checks" [_thread_blocked, id=12456, stack(0x000000001b690000,0x000000001b790000)]
  0x0000000018884800 JavaThread "Incoming local TCP Connector on port 3563" [_thread_in_native, id=23116, stack(0x000000001b450000,0x000000001b550000)]
  0x000000001a7f7800 JavaThread "Daemon health stats" [_thread_blocked, id=14468, stack(0x000000001ae10000,0x000000001af10000)]
  0x0000000018801800 JavaThread "Service Thread" daemon [_thread_blocked, id=12184, stack(0x0000000019440000,0x0000000019540000)]
  0x000000001877c800 JavaThread "C1 CompilerThread3" daemon [_thread_blocked, id=18240, stack(0x0000000019340000,0x0000000019440000)]
  0x0000000018774800 JavaThread "C2 CompilerThread2" daemon [_thread_in_native, id=22464, stack(0x0000000019240000,0x0000000019340000)]
=>0x000000001876e800 JavaThread "C2 CompilerThread1" daemon [_thread_in_native, id=14572, stack(0x0000000019140000,0x0000000019240000)]
  0x000000001876a800 JavaThread "C2 CompilerThread0" daemon [_thread_in_native, id=20044, stack(0x0000000019040000,0x0000000019140000)]
  0x0000000018769000 JavaThread "Attach Listener" daemon [_thread_blocked, id=13404, stack(0x0000000018f40000,0x0000000019040000)]
  0x0000000018768000 JavaThread "Signal Dispatcher" daemon [_thread_blocked, id=21248, stack(0x0000000018e40000,0x0000000018f40000)]
  0x0000000002b79800 JavaThread "Finalizer" daemon [_thread_blocked, id=23472, stack(0x0000000018c40000,0x0000000018d40000)]
  0x0000000002b76000 JavaThread "Reference Handler" daemon [_thread_blocked, id=15712, stack(0x0000000018b40000,0x0000000018c40000)]
  0x00000000007fe000 JavaThread "main" [_thread_blocked, id=20080, stack(0x0000000002980000,0x0000000002a80000)]

Other Threads:
  0x0000000016938000 VMThread [stack: 0x0000000018640000,0x0000000018740000] [id=7864]
  0x0000000018802800 WatcherThread [stack: 0x0000000019540000,0x0000000019640000] [id=16824]

VM state:not at safepoint (normal execution)

VM Mutex/Monitor currently owned by a thread: None

heap address: 0x00000000a0000000, size: 1536 MB, Compressed Oops mode: 32-bit
Narrow klass base: 0x0000000000000000, Narrow klass shift: 3
Compressed class space size: 1073741824 Address: 0x0000000100000000

Heap:
 PSYoungGen      total 432640K, used 354531K [0x00000000e0000000, 0x00000000ffd00000, 0x0000000100000000)
  eden space 351232K, 99% used [0x00000000e0000000,0x00000000f5660f78,0x00000000f5700000)
  from space 81408K, 4% used [0x00000000fad80000,0x00000000fb158010,0x00000000ffd00000)
  to   space 84992K, 0% used [0x00000000f5700000,0x00000000f5700000,0x00000000faa00000)
 ParOldGen       total 324096K, used 263229K [0x00000000a0000000, 0x00000000b3c80000, 0x00000000e0000000)
  object space 324096K, 81% used [0x00000000a0000000,0x00000000b010f5c0,0x00000000b3c80000)
 Metaspace       used 94299K, capacity 97660K, committed 97944K, reserved 1134592K
  class space    used 12160K, capacity 12931K, committed 12968K, reserved 1048576K

Card table byte_map: [0x0000000011f40000,0x0000000012250000] byte_map_base: 0x0000000011a40000

Marking Bits: (ParMarkBitMap*) 0x0000000060b59f30
 Begin Bits: [0x0000000012c50000, 0x0000000014450000)
 End Bits:   [0x0000000014450000, 0x0000000015c50000)

Polling page: 0x00000000010b0000

CodeCache: size=245760Kb used=58330Kb max_used=58568Kb free=187429Kb
 bounds [0x0000000002b80000, 0x0000000006590000, 0x0000000011b80000]
 total_blobs=17939 nmethods=17041 adapters=808
 compilation: enabled

Compilation events (10 events):
Event: 83.785 Thread 0x000000001877c800 22026       2       com.android.build.gradle.internal.tasks.MergeJavaResourcesDelegate$run$output$1::create (27 bytes)
Event: 83.786 Thread 0x000000001877c800 nmethod 22026 0x0000000005e9f290 code [0x0000000005e9f420, 0x0000000005e9f638]
Event: 83.787 Thread 0x000000001877c800 22034       2       com.android.builder.merge.StreamMergeAlgorithms::acceptOnlyOne (6 bytes)
Event: 83.787 Thread 0x000000001877c800 nmethod 22034 0x0000000005e9ef90 code [0x0000000005e9f0e0, 0x0000000005e9f210]
Event: 83.787 Thread 0x000000001877c800 22035       2       com.android.builder.merge.StreamMergeAlgorithms$$Lambda$764/759666924::merge (7 bytes)
Event: 83.787 Thread 0x000000001877c800 nmethod 22035 0x0000000005e9ebd0 code [0x0000000005e9ed40, 0x0000000005e9eec8]
Event: 83.787 Thread 0x000000001877c800 22036       2       com.android.builder.merge.StreamMergeAlgorithms::lambda$acceptOnlyOne$2 (89 bytes)
Event: 83.789 Thread 0x000000001877c800 nmethod 22036 0x0000000005e9de90 code [0x0000000005e9e0a0, 0x0000000005e9e718]
Event: 83.789 Thread 0x000000001877c800 22037       2       com.android.builder.merge.StreamMergeAlgorithms$$Lambda$766/1710207966::get$Lambda (9 bytes)
Event: 83.789 Thread 0x000000001877c800 nmethod 22037 0x0000000005dba490 code [0x0000000005dba5e0, 0x0000000005dba770]

GC Heap History (10 events):
Event: 75.322 GC heap before
{Heap before GC invocations=27 (full 4):
 PSYoungGen      total 330752K, used 315216K [0x00000000e0000000, 0x00000000f8c00000, 0x0000000100000000)
  eden space 271360K, 100% used [0x00000000e0000000,0x00000000f0900000,0x00000000f0900000)
  from space 59392K, 73% used [0x00000000f4680000,0x00000000f7154150,0x00000000f8080000)
  to   space 62976K, 99% used [0x00000000f0900000,0x00000000f46786d8,0x00000000f4680000)
 ParOldGen       total 187392K, used 187039K [0x00000000a0000000, 0x00000000ab700000, 0x00000000e0000000)
  object space 187392K, 99% used [0x00000000a0000000,0x00000000ab6a7ce8,0x00000000ab700000)
 Metaspace       used 90948K, capacity 94202K, committed 94360K, reserved 1130496K
  class space    used 11887K, capacity 12648K, committed 12712K, reserved 1048576K
Event: 78.151 GC heap after
Heap after GC invocations=27 (full 4):
 PSYoungGen      total 330752K, used 0K [0x00000000e0000000, 0x00000000f8c00000, 0x0000000100000000)
  eden space 271360K, 0% used [0x00000000e0000000,0x00000000e0000000,0x00000000f0900000)
  from space 59392K, 0% used [0x00000000f4680000,0x00000000f4680000,0x00000000f8080000)
  to   space 62976K, 0% used [0x00000000f0900000,0x00000000f0900000,0x00000000f4680000)
 ParOldGen       total 324096K, used 173463K [0x00000000a0000000, 0x00000000b3c80000, 0x00000000e0000000)
  object space 324096K, 53% used [0x00000000a0000000,0x00000000aa965ef0,0x00000000b3c80000)
 Metaspace       used 90725K, capacity 93644K, committed 94360K, reserved 1130496K
  class space    used 11820K, capacity 12529K, committed 12712K, reserved 1048576K
}
Event: 80.361 GC heap before
{Heap before GC invocations=28 (full 4):
 PSYoungGen      total 330752K, used 271360K [0x00000000e0000000, 0x00000000f8c00000, 0x0000000100000000)
  eden space 271360K, 100% used [0x00000000e0000000,0x00000000f0900000,0x00000000f0900000)
  from space 59392K, 0% used [0x00000000f4680000,0x00000000f4680000,0x00000000f8080000)
  to   space 62976K, 0% used [0x00000000f0900000,0x00000000f0900000,0x00000000f4680000)
 ParOldGen       total 324096K, used 173463K [0x00000000a0000000, 0x00000000b3c80000, 0x00000000e0000000)
  object space 324096K, 53% used [0x00000000a0000000,0x00000000aa965ef0,0x00000000b3c80000)
 Metaspace       used 92642K, capacity 95690K, committed 96024K, reserved 1132544K
  class space    used 12038K, capacity 12778K, committed 12840K, reserved 1048576K
Event: 80.457 GC heap after
Heap after GC invocations=28 (full 4):
 PSYoungGen      total 334336K, used 58093K [0x00000000e0000000, 0x00000000fda80000, 0x0000000100000000)
  eden space 271360K, 0% used [0x00000000e0000000,0x00000000e0000000,0x00000000f0900000)
  from space 62976K, 92% used [0x00000000f0900000,0x00000000f41bb730,0x00000000f4680000)
  to   space 71168K, 0% used [0x00000000f9500000,0x00000000f9500000,0x00000000fda80000)
 ParOldGen       total 324096K, used 173471K [0x00000000a0000000, 0x00000000b3c80000, 0x00000000e0000000)
  object space 324096K, 53% used [0x00000000a0000000,0x00000000aa967ef0,0x00000000b3c80000)
 Metaspace       used 92642K, capacity 95690K, committed 96024K, reserved 1132544K
  class space    used 12038K, capacity 12778K, committed 12840K, reserved 1048576K
}
Event: 81.214 GC heap before
{Heap before GC invocations=29 (full 4):
 PSYoungGen      total 334336K, used 329338K [0x00000000e0000000, 0x00000000fda80000, 0x0000000100000000)
  eden space 271360K, 99% used [0x00000000e0000000,0x00000000f08e3408,0x00000000f0900000)
  from space 62976K, 92% used [0x00000000f0900000,0x00000000f41bb730,0x00000000f4680000)
  to   space 71168K, 0% used [0x00000000f9500000,0x00000000f9500000,0x00000000fda80000)
 ParOldGen       total 324096K, used 173471K [0x00000000a0000000, 0x00000000b3c80000, 0x00000000e0000000)
  object space 324096K, 53% used [0x00000000a0000000,0x00000000aa967ef0,0x00000000b3c80000)
 Metaspace       used 93433K, capacity 96746K, committed 96920K, reserved 1132544K
  class space    used 12117K, capacity 12910K, committed 12968K, reserved 1048576K
Event: 81.298 GC heap after
Heap after GC invocations=29 (full 4):
 PSYoungGen      total 397312K, used 71148K [0x00000000e0000000, 0x00000000fec80000, 0x0000000100000000)
  eden space 326144K, 0% used [0x00000000e0000000,0x00000000e0000000,0x00000000f3e80000)
  from space 71168K, 99% used [0x00000000f9500000,0x00000000fda7b008,0x00000000fda80000)
  to   space 88576K, 0% used [0x00000000f3e80000,0x00000000f3e80000,0x00000000f9500000)
 ParOldGen       total 324096K, used 190286K [0x00000000a0000000, 0x00000000b3c80000, 0x00000000e0000000)
  object space 324096K, 58% used [0x00000000a0000000,0x00000000ab9d3ab0,0x00000000b3c80000)
 Metaspace       used 93433K, capacity 96746K, committed 96920K, reserved 1132544K
  class space    used 12117K, capacity 12910K, committed 12968K, reserved 1048576K
}
Event: 82.265 GC heap before
{Heap before GC invocations=30 (full 4):
 PSYoungGen      total 397312K, used 397292K [0x00000000e0000000, 0x00000000fec80000, 0x0000000100000000)
  eden space 326144K, 100% used [0x00000000e0000000,0x00000000f3e80000,0x00000000f3e80000)
  from space 71168K, 99% used [0x00000000f9500000,0x00000000fda7b008,0x00000000fda80000)
  to   space 88576K, 0% used [0x00000000f3e80000,0x00000000f3e80000,0x00000000f9500000)
 ParOldGen       total 324096K, used 190286K [0x00000000a0000000, 0x00000000b3c80000, 0x00000000e0000000)
  object space 324096K, 58% used [0x00000000a0000000,0x00000000ab9d3ab0,0x00000000b3c80000)
 Metaspace       used 94000K, capacity 97380K, committed 97432K, reserved 1134592K
  class space    used 12159K, capacity 12929K, committed 12968K, reserved 1048576K
Event: 82.333 GC heap after
Heap after GC invocations=30 (full 4):
 PSYoungGen      total 414720K, used 28763K [0x00000000e0000000, 0x0000000100000000, 0x0000000100000000)
  eden space 326144K, 0% used [0x00000000e0000000,0x00000000e0000000,0x00000000f3e80000)
  from space 88576K, 32% used [0x00000000f3e80000,0x00000000f5a96f10,0x00000000f9500000)
  to   space 84480K, 0% used [0x00000000fad80000,0x00000000fad80000,0x0000000100000000)
 ParOldGen       total 324096K, used 239373K [0x00000000a0000000, 0x00000000b3c80000, 0x00000000e0000000)
  object space 324096K, 73% used [0x00000000a0000000,0x00000000ae9c3588,0x00000000b3c80000)
 Metaspace       used 94000K, capacity 97380K, committed 97432K, reserved 1134592K
  class space    used 12159K, capacity 12929K, committed 12968K, reserved 1048576K
}
Event: 82.809 GC heap before
{Heap before GC invocations=31 (full 4):
 PSYoungGen      total 414720K, used 354907K [0x00000000e0000000, 0x0000000100000000, 0x0000000100000000)
  eden space 326144K, 100% used [0x00000000e0000000,0x00000000f3e80000,0x00000000f3e80000)
  from space 88576K, 32% used [0x00000000f3e80000,0x00000000f5a96f10,0x00000000f9500000)
  to   space 84480K, 0% used [0x00000000fad80000,0x00000000fad80000,0x0000000100000000)
 ParOldGen       total 324096K, used 239373K [0x00000000a0000000, 0x00000000b3c80000, 0x00000000e0000000)
  object space 324096K, 73% used [0x00000000a0000000,0x00000000ae9c3588,0x00000000b3c80000)
 Metaspace       used 94164K, capacity 97524K, committed 97688K, reserved 1134592K
  class space    used 12160K, capacity 12931K, committed 12968K, reserved 1048576K
Event: 82.842 GC heap after
Heap after GC invocations=31 (full 4):
 PSYoungGen      total 432640K, used 3936K [0x00000000e0000000, 0x00000000ffd00000, 0x0000000100000000)
  eden space 351232K, 0% used [0x00000000e0000000,0x00000000e0000000,0x00000000f5700000)
  from space 81408K, 4% used [0x00000000fad80000,0x00000000fb158010,0x00000000ffd00000)
  to   space 84992K, 0% used [0x00000000f5700000,0x00000000f5700000,0x00000000faa00000)
 ParOldGen       total 324096K, used 263229K [0x00000000a0000000, 0x00000000b3c80000, 0x00000000e0000000)
  object space 324096K, 81% used [0x00000000a0000000,0x00000000b010f5c0,0x00000000b3c80000)
 Metaspace       used 94164K, capacity 97524K, committed 97688K, reserved 1134592K
  class space    used 12160K, capacity 12931K, committed 12968K, reserved 1048576K
}

Deoptimization events (10 events):
Event: 82.100 Thread 0x000000001de56000 Uncommon trap: reason=bimorphic action=maybe_recompile pc=0x0000000004779b48 method=java.nio.charset.CharsetEncoder.reset()Ljava/nio/charset/CharsetEncoder; @ 1
Event: 82.100 Thread 0x000000001de56000 Uncommon trap: reason=bimorphic action=maybe_recompile pc=0x0000000004779b48 method=java.nio.charset.CharsetEncoder.reset()Ljava/nio/charset/CharsetEncoder; @ 1
Event: 82.142 Thread 0x000000001de56000 Uncommon trap: reason=class_check action=maybe_recompile pc=0x00000000057a5d10 method=com.android.tools.build.apkzlib.zip.CentralDirectoryHeader.getCompressionInfoWithWait()Lcom/android/tools/build/apkzlib/zip/CentralDirectoryHeaderCompressInfo; @ 4
Event: 82.142 Thread 0x000000001de56000 Uncommon trap: reason=unstable_if action=reinterpret pc=0x00000000054e4a54 method=com.android.tools.build.apkzlib.zip.ExtraField.size()I @ 4
Event: 82.142 Thread 0x000000001de56000 Uncommon trap: reason=class_check action=maybe_recompile pc=0x00000000057a5d10 method=com.android.tools.build.apkzlib.zip.CentralDirectoryHeader.getCompressionInfoWithWait()Lcom/android/tools/build/apkzlib/zip/CentralDirectoryHeaderCompressInfo; @ 4
Event: 82.151 Thread 0x000000001de56000 Uncommon trap: reason=class_check action=maybe_recompile pc=0x00000000057a5d10 method=com.android.tools.build.apkzlib.zip.CentralDirectoryHeader.getCompressionInfoWithWait()Lcom/android/tools/build/apkzlib/zip/CentralDirectoryHeaderCompressInfo; @ 4
Event: 82.152 Thread 0x000000001de56000 Uncommon trap: reason=class_check action=maybe_recompile pc=0x0000000002e91364 method=com.google.common.collect.ImmutableList.copyIntoArray([Ljava/lang/Object;I)I @ 1
Event: 82.159 Thread 0x000000001de56000 Uncommon trap: reason=class_check action=maybe_recompile pc=0x00000000057a5d10 method=com.android.tools.build.apkzlib.zip.CentralDirectoryHeader.getCompressionInfoWithWait()Lcom/android/tools/build/apkzlib/zip/CentralDirectoryHeaderCompressInfo; @ 4
Event: 82.159 Thread 0x000000001de56000 Uncommon trap: reason=class_check action=maybe_recompile pc=0x0000000002e91364 method=com.google.common.collect.ImmutableList.copyIntoArray([Ljava/lang/Object;I)I @ 1
Event: 82.447 Thread 0x000000001d073000 Uncommon trap: reason=unstable_if action=reinterpret pc=0x0000000005f9d62c method=com.android.tools.r8.ir.conversion.N.buildInstruction(Lcom/android/tools/r8/ir/conversion/IRBuilder;IZ)V @ 3

Classes redefined (0 events):
No events

Internal exceptions (10 events):
Event: 83.152 Thread 0x000000001d15d800 Exception <a 'sun/nio/fs/WindowsException'> (0x00000000eb54b6e8) thrown at [D:\src\AOSP-openjdk-cygwin\jdk8u\hotspot\src\share\vm\prims\jni.cpp, line 710]
Event: 83.153 Thread 0x000000001d15d800 Exception <a 'sun/nio/fs/WindowsException'> (0x00000000eb554b40) thrown at [D:\src\AOSP-openjdk-cygwin\jdk8u\hotspot\src\share\vm\prims\jni.cpp, line 710]
Event: 83.154 Thread 0x000000001d15d800 Exception <a 'sun/nio/fs/WindowsException'> (0x00000000eb562d80) thrown at [D:\src\AOSP-openjdk-cygwin\jdk8u\hotspot\src\share\vm\prims\jni.cpp, line 710]
Event: 83.156 Thread 0x000000001d15d800 Exception <a 'sun/nio/fs/WindowsException'> (0x00000000eb56f2c8) thrown at [D:\src\AOSP-openjdk-cygwin\jdk8u\hotspot\src\share\vm\prims\jni.cpp, line 710]
Event: 83.158 Thread 0x000000001d15d800 Exception <a 'sun/nio/fs/WindowsException'> (0x00000000eb8eddb8) thrown at [D:\src\AOSP-openjdk-cygwin\jdk8u\hotspot\src\share\vm\prims\jni.cpp, line 710]
Event: 83.159 Thread 0x000000001d15d800 Exception <a 'sun/nio/fs/WindowsException'> (0x00000000eb93c328) thrown at [D:\src\AOSP-openjdk-cygwin\jdk8u\hotspot\src\share\vm\prims\jni.cpp, line 710]
Event: 83.160 Thread 0x000000001d15d800 Exception <a 'sun/nio/fs/WindowsException'> (0x00000000eb9435a0) thrown at [D:\src\AOSP-openjdk-cygwin\jdk8u\hotspot\src\share\vm\prims\jni.cpp, line 710]
Event: 83.161 Thread 0x000000001d15d800 Exception <a 'sun/nio/fs/WindowsException'> (0x00000000eb94a790) thrown at [D:\src\AOSP-openjdk-cygwin\jdk8u\hotspot\src\share\vm\prims\jni.cpp, line 710]
Event: 83.162 Thread 0x000000001d15d800 Exception <a 'sun/nio/fs/WindowsException'> (0x00000000eb950cb0) thrown at [D:\src\AOSP-openjdk-cygwin\jdk8u\hotspot\src\share\vm\prims\jni.cpp, line 710]
Event: 83.163 Thread 0x000000001d15d800 Exception <a 'sun/nio/fs/WindowsException'> (0x00000000eb95d3a8) thrown at [D:\src\AOSP-openjdk-cygwin\jdk8u\hotspot\src\share\vm\prims\jni.cpp, line 710]

Events (10 events):
Event: 83.425 Thread 0x000000001d166000 DEOPT PACKING pc=0x000000000601d567 sp=0x000000002b75d1b0
Event: 83.425 Thread 0x000000001d166000 DEOPT UNPACKING pc=0x0000000002bc75d0 sp=0x000000002b75cec8 mode 0
Event: 83.624 Thread 0x000000001d166000 DEOPT PACKING pc=0x0000000005fbfb8e sp=0x000000002b75d3e0
Event: 83.624 Thread 0x000000001d166000 DEOPT UNPACKING pc=0x0000000002bc75d0 sp=0x000000002b75d1c8 mode 0
Event: 83.666 Thread 0x000000001d166000 DEOPT PACKING pc=0x0000000006286af1 sp=0x000000002b75ca60
Event: 83.666 Thread 0x000000001d166000 DEOPT UNPACKING pc=0x0000000002bc75d0 sp=0x000000002b75c7f0 mode 0
Event: 83.729 Thread 0x000000001d166000 DEOPT PACKING pc=0x00000000062a54f7 sp=0x000000002b75ce50
Event: 83.729 Thread 0x000000001d166000 DEOPT UNPACKING pc=0x0000000002bc75d0 sp=0x000000002b75cb78 mode 0
Event: 83.799 Thread 0x000000001d166000 DEOPT PACKING pc=0x0000000005fbfb77 sp=0x000000002b75d3e0
Event: 83.799 Thread 0x000000001d166000 DEOPT UNPACKING pc=0x0000000002bc75d0 sp=0x000000002b75d1c8 mode 0


Dynamic libraries:
0x00007ff68e020000 - 0x00007ff68e051000 	C:\Program Files\Android\Android Studio\jre\bin\java.exe
0x00007ffc87100000 - 0x00007ffc872f0000 	C:\WINDOWS\SYSTEM32\ntdll.dll
0x00007ffc867b0000 - 0x00007ffc86862000 	C:\WINDOWS\System32\KERNEL32.DLL
0x00007ffc84a60000 - 0x00007ffc84d04000 	C:\WINDOWS\System32\KERNELBASE.dll
0x00007ffc86880000 - 0x00007ffc86923000 	C:\WINDOWS\System32\ADVAPI32.dll
0x00007ffc86470000 - 0x00007ffc8650e000 	C:\WINDOWS\System32\msvcrt.dll
0x00007ffc87020000 - 0x00007ffc870b7000 	C:\WINDOWS\System32\sechost.dll
0x00007ffc86570000 - 0x00007ffc86690000 	C:\WINDOWS\System32\RPCRT4.dll
0x00007ffc85420000 - 0x00007ffc855b4000 	C:\WINDOWS\System32\USER32.dll
0x00007ffc84090000 - 0x00007ffc840b1000 	C:\WINDOWS\System32\win32u.dll
0x00007ffc85230000 - 0x00007ffc85256000 	C:\WINDOWS\System32\GDI32.dll
0x00007ffc84fb0000 - 0x00007ffc85145000 	C:\WINDOWS\System32\gdi32full.dll
0x00007ffc84f10000 - 0x00007ffc84fae000 	C:\WINDOWS\System32\msvcp_win.dll
0x00007ffc84960000 - 0x00007ffc84a5a000 	C:\WINDOWS\System32\ucrtbase.dll
0x00007ffc6d160000 - 0x00007ffc6d3e4000 	C:\WINDOWS\WinSxS\amd64_microsoft.windows.common-controls_6595b64144ccf1df_6.0.18362.900_none_e6beb9d913147d17\COMCTL32.dll
0x00007ffc859e0000 - 0x00007ffc85d15000 	C:\WINDOWS\System32\combase.dll
0x00007ffc84d10000 - 0x00007ffc84d90000 	C:\WINDOWS\System32\bcryptPrimitives.dll
0x00007ffc86690000 - 0x00007ffc866be000 	C:\WINDOWS\System32\IMM32.DLL
0x00000000601d0000 - 0x00000000602a2000 	C:\Program Files\Android\Android Studio\jre\jre\bin\msvcr100.dll
0x0000000060390000 - 0x0000000060bd6000 	C:\Program Files\Android\Android Studio\jre\jre\bin\server\jvm.dll
0x00007ffc86870000 - 0x00007ffc86878000 	C:\WINDOWS\System32\PSAPI.DLL
0x00007ffc6e460000 - 0x00007ffc6e469000 	C:\WINDOWS\SYSTEM32\WSOCK32.dll
0x00007ffc85e80000 - 0x00007ffc85eef000 	C:\WINDOWS\System32\WS2_32.dll
0x00007ffc7eb30000 - 0x00007ffc7eb54000 	C:\WINDOWS\SYSTEM32\WINMM.dll
0x00007ffc7b460000 - 0x00007ffc7b46a000 	C:\WINDOWS\SYSTEM32\VERSION.dll
0x00007ffc7eb00000 - 0x00007ffc7eb2d000 	C:\WINDOWS\SYSTEM32\winmmbase.dll
0x00007ffc840c0000 - 0x00007ffc8410a000 	C:\WINDOWS\System32\cfgmgr32.dll
0x00007ffc7ca10000 - 0x00007ffc7ca1f000 	C:\Program Files\Android\Android Studio\jre\jre\bin\verify.dll
0x00007ffc73770000 - 0x00007ffc73799000 	C:\Program Files\Android\Android Studio\jre\jre\bin\java.dll
0x00007ffc73440000 - 0x00007ffc73456000 	C:\Program Files\Android\Android Studio\jre\jre\bin\zip.dll
0x00007ffc86930000 - 0x00007ffc87016000 	C:\WINDOWS\System32\SHELL32.dll
0x00007ffc85d20000 - 0x00007ffc85dc9000 	C:\WINDOWS\System32\shcore.dll
0x00007ffc84130000 - 0x00007ffc848b0000 	C:\WINDOWS\System32\windows.storage.dll
0x00007ffc84040000 - 0x00007ffc84063000 	C:\WINDOWS\System32\profapi.dll
0x00007ffc83ff0000 - 0x00007ffc8403a000 	C:\WINDOWS\System32\powrprof.dll
0x00007ffc83fc0000 - 0x00007ffc83fd0000 	C:\WINDOWS\System32\UMPDC.dll
0x00007ffc857d0000 - 0x00007ffc85822000 	C:\WINDOWS\System32\shlwapi.dll
0x00007ffc83fd0000 - 0x00007ffc83fe1000 	C:\WINDOWS\System32\kernel.appcore.dll
0x00007ffc84110000 - 0x00007ffc84127000 	C:\WINDOWS\System32\cryptsp.dll
0x00007ffc73180000 - 0x00007ffc7319a000 	C:\Program Files\Android\Android Studio\jre\jre\bin\net.dll
0x00007ffc72aa0000 - 0x00007ffc72c76000 	C:\WINDOWS\SYSTEM32\urlmon.dll
0x00007ffc72360000 - 0x00007ffc72606000 	C:\WINDOWS\SYSTEM32\iertutil.dll
0x00007ffc83a00000 - 0x00007ffc83a0c000 	C:\WINDOWS\SYSTEM32\CRYPTBASE.DLL
0x00007ffc83830000 - 0x00007ffc83897000 	C:\WINDOWS\system32\mswsock.dll
0x00007ffc70fb0000 - 0x00007ffc70fc3000 	C:\Program Files\Android\Android Studio\jre\jre\bin\nio.dll
0x00007ffc5f860000 - 0x00007ffc5f886000 	C:\Users\ASUS\.gradle\native\29\windows-amd64\native-platform.dll
0x00007ffc73960000 - 0x00007ffc7396d000 	C:\Program Files\Android\Android Studio\jre\jre\bin\management.dll
0x00007ffc833a0000 - 0x00007ffc833d3000 	C:\WINDOWS\system32\rsaenh.dll
0x00007ffc84d90000 - 0x00007ffc84db6000 	C:\WINDOWS\System32\bcrypt.dll
0x00007ffc83ee0000 - 0x00007ffc83f05000 	C:\WINDOWS\SYSTEM32\USERENV.dll
0x00007ffc83540000 - 0x00007ffc8357a000 	C:\WINDOWS\SYSTEM32\IPHLPAPI.DLL
0x00007ffc867a0000 - 0x00007ffc867a8000 	C:\WINDOWS\System32\NSI.dll
0x00007ffc74130000 - 0x00007ffc74146000 	C:\WINDOWS\SYSTEM32\dhcpcsvc6.DLL
0x00007ffc74170000 - 0x00007ffc7418c000 	C:\WINDOWS\SYSTEM32\dhcpcsvc.DLL
0x00007ffc83580000 - 0x00007ffc8364b000 	C:\WINDOWS\SYSTEM32\DNSAPI.dll

VM Arguments:
jvm_args: -Xmx1536m -Dfile.encoding=windows-1252 -Duser.country=IN -Duser.language=en -Duser.variant 
java_command: org.gradle.launcher.daemon.bootstrap.GradleDaemon 5.4.1
java_class_path (initial): C:\Users\ASUS\.gradle\wrapper\dists\gradle-5.4.1-all\3221gyojl5jsh0helicew7rwx\gradle-5.4.1\lib\gradle-launcher-5.4.1.jar
Launcher Type: SUN_STANDARD

Environment Variables:
PATH=C:\Windows\system32;C:\Windows;C:\Windows\System32\Wbem;C:\Windows\System32\WindowsPowerShell\v1.0\;C:\Windows\System32\OpenSSH\;C:\Program Files (x86)\NVIDIA Corporation\PhysX\Common;C:\Program Files\Intel\WiFi\bin\;C:\Program Files\Common Files\Intel\WirelessCommon\;C:\WINDOWS\system32;C:\WINDOWS;C:\WINDOWS\System32\Wbem;C:\WINDOWS\System32\WindowsPowerShell\v1.0\;C:\WINDOWS\System32\OpenSSH\;C:\Program Files\Git\cmd;C:\xampp\php;C:\ProgramData\ComposerSetup\bin;C:\Program Files\PowerShell\6\;C:\Program Files\PuTTY\;C:\Python37;C:\Program Files\nodejs\;C:\Program Files\Amazon\AWSCLI\bin\;C:\WINDOWS\system32\config\systemprofile\AppData\Local\Microsoft\WindowsApps;C:\Python37\Scripts;C:\Program Files\Amazon\AWSCLIV2\;C:\Users\ASUS\AppData\Local\Programs\Microsoft VS Code\bin;C:\Users\ASUS\AppData\Roaming\Composer\vendor\bin;C:\Users\ASUS\AppData\Roaming\npm;C:\Python37;C:\Python37\Scripts;;C:\Program Files\JetBrains\PhpStorm 2019.3.4\bin;
USERNAME=ASUS
OS=Windows_NT
PROCESSOR_IDENTIFIER=Intel64 Family 6 Model 142 Stepping 12, GenuineIntel



---------------  S Y S T E M  ---------------

OS: Windows 10.0 , 64 bit Build 18362 (10.0.18362.900)

CPU:total 8 (initial active 8) (4 cores per cpu, 2 threads per core) family 6 model 142 stepping 12, cmov, cx8, fxsr, mmx, sse, sse2, sse3, ssse3, sse4.1, sse4.2, popcnt, avx, avx2, aes, clmul, erms, 3dnowpref, lzcnt, ht, tsc, tscinvbit, bmi1, bmi2, adx

Memory: 4k page, physical 8236360k(425876k free), swap 22458564k(2664k free)

vm_info: OpenJDK 64-Bit Server VM (25.212-b04) for windows-amd64 JRE (1.8.0_212-release-1586-b04), built by "builder" with MS VC++ 10.0 (VS2010)

time: Tue Jun 23 01:22:07 2020
timezone: India Standard Time
elapsed time: 83 seconds (0d 0h 1m 23s)

